2025-10-24 22:29:47.275 [main] INFO  ru.ssau.tk.enjoyers.ooplabs.concurrent.IntegralTask - Создание IntegralTask
2025-10-24 22:29:47.278 [main] INFO  ru.ssau.tk.enjoyers.ooplabs.concurrent.IntegralTask - IntegralTask успешно создано
2025-10-24 22:29:47.279 [main] INFO  ru.ssau.tk.enjoyers.ooplabs.concurrent.IntegralTask - Создание IntegralTask
2025-10-24 22:29:47.279 [main] INFO  ru.ssau.tk.enjoyers.ooplabs.concurrent.IntegralTask - IntegralTask успешно создано
2025-10-24 22:29:47.280 [pool-1-thread-2] INFO  ru.ssau.tk.enjoyers.ooplabs.concurrent.IntegralTask - Запуск IntegralTask
2025-10-24 22:29:47.280 [pool-1-thread-1] INFO  ru.ssau.tk.enjoyers.ooplabs.concurrent.IntegralTask - Запуск IntegralTask
2025-10-24 22:29:47.280 [pool-1-thread-1] INFO  ru.ssau.tk.enjoyers.ooplabs.concurrent.IntegralTask - Запущено IntegralTask
2025-10-24 22:29:47.281 [pool-1-thread-2] INFO  ru.ssau.tk.enjoyers.ooplabs.concurrent.IntegralTask - Запущено IntegralTask
2025-10-24 22:29:47.281 [pool-1-thread-1] INFO  ru.ssau.tk.enjoyers.ooplabs.concurrent.IntegralTask - Выполнено IntegralTask
2025-10-24 22:29:47.282 [pool-1-thread-2] INFO  ru.ssau.tk.enjoyers.ooplabs.concurrent.IntegralTask - Выполнено IntegralTask
2025-10-24 22:29:47.285 [main] INFO  ru.ssau.tk.enjoyers.ooplabs.concurrent.IntegralTask - Создание IntegralTask
2025-10-24 22:29:47.285 [main] INFO  ru.ssau.tk.enjoyers.ooplabs.concurrent.IntegralTask - IntegralTask успешно создано
2025-10-24 22:29:47.286 [main] INFO  ru.ssau.tk.enjoyers.ooplabs.concurrent.IntegralTask - Создание IntegralTask
2025-10-24 22:29:47.286 [main] INFO  ru.ssau.tk.enjoyers.ooplabs.concurrent.IntegralTask - IntegralTask успешно создано
2025-10-24 22:29:47.286 [pool-3-thread-1] INFO  ru.ssau.tk.enjoyers.ooplabs.concurrent.IntegralTask - Запуск IntegralTask
2025-10-24 22:29:47.286 [pool-3-thread-1] INFO  ru.ssau.tk.enjoyers.ooplabs.concurrent.IntegralTask - Запущено IntegralTask
2025-10-24 22:29:47.286 [main] INFO  ru.ssau.tk.enjoyers.ooplabs.concurrent.IntegralTask - Создание IntegralTask
2025-10-24 22:29:47.286 [main] INFO  ru.ssau.tk.enjoyers.ooplabs.concurrent.IntegralTask - IntegralTask успешно создано
2025-10-24 22:29:47.287 [pool-3-thread-1] INFO  ru.ssau.tk.enjoyers.ooplabs.concurrent.IntegralTask - Выполнено IntegralTask
2025-10-24 22:29:47.287 [pool-3-thread-2] INFO  ru.ssau.tk.enjoyers.ooplabs.concurrent.IntegralTask - Запуск IntegralTask
2025-10-24 22:29:47.287 [main] INFO  ru.ssau.tk.enjoyers.ooplabs.concurrent.IntegralTask - Создание IntegralTask
2025-10-24 22:29:47.287 [main] INFO  ru.ssau.tk.enjoyers.ooplabs.concurrent.IntegralTask - IntegralTask успешно создано
2025-10-24 22:29:47.287 [pool-3-thread-3] INFO  ru.ssau.tk.enjoyers.ooplabs.concurrent.IntegralTask - Запуск IntegralTask
2025-10-24 22:29:47.287 [pool-3-thread-2] INFO  ru.ssau.tk.enjoyers.ooplabs.concurrent.IntegralTask - Запущено IntegralTask
2025-10-24 22:29:47.288 [pool-3-thread-2] INFO  ru.ssau.tk.enjoyers.ooplabs.concurrent.IntegralTask - Выполнено IntegralTask
2025-10-24 22:29:47.288 [pool-3-thread-4] INFO  ru.ssau.tk.enjoyers.ooplabs.concurrent.IntegralTask - Запуск IntegralTask
2025-10-24 22:29:47.289 [pool-3-thread-3] INFO  ru.ssau.tk.enjoyers.ooplabs.concurrent.IntegralTask - Запущено IntegralTask
2025-10-24 22:29:47.289 [pool-3-thread-3] INFO  ru.ssau.tk.enjoyers.ooplabs.concurrent.IntegralTask - Выполнено IntegralTask
2025-10-24 22:29:47.290 [pool-3-thread-4] INFO  ru.ssau.tk.enjoyers.ooplabs.concurrent.IntegralTask - Запущено IntegralTask
2025-10-24 22:29:47.290 [pool-3-thread-4] INFO  ru.ssau.tk.enjoyers.ooplabs.concurrent.IntegralTask - Выполнено IntegralTask
